<?xml version="1.0" encoding="UTF-8"?>
<testsuite name="worker.DatabaseAccess.LettuceTest" time="0.753" tests="19" errors="19" skipped="0" failures="0">
  <properties>
[...]
</properties>
  <testcase name="testEventTypeCurrentWorker" classname="worker.DatabaseAccess.LettuceTest" time="0.079">
    <error message="Can&apos;t start redis server. Check logs for details." type="java.lang.RuntimeException">java.lang.RuntimeException: Can't start redis server. Check logs for details.
	at redis.embedded.AbstractRedisInstance.awaitRedisServerReady(AbstractRedisInstance.java:61)
	at redis.embedded.AbstractRedisInstance.start(AbstractRedisInstance.java:39)
	at redis.embedded.RedisServer.start(RedisServer.java:9)
	at worker.DatabaseAccess.LettuceTest.testEventTypeCurrentWorker(LettuceTest.java:137)
</error>
  </testcase>
  <testcase name="testgetEventTypeInputs" classname="worker.DatabaseAccess.LettuceTest" time="0.053">
    <error message="Can&apos;t start redis server. Check logs for details." type="java.lang.RuntimeException">java.lang.RuntimeException: Can't start redis server. Check logs for details.
	at redis.embedded.AbstractRedisInstance.awaitRedisServerReady(AbstractRedisInstance.java:61)
	at redis.embedded.AbstractRedisInstance.start(AbstractRedisInstance.java:39)
	at redis.embedded.RedisServer.start(RedisServer.java:9)
	at worker.DatabaseAccess.LettuceTest.testgetEventTypeInputs(LettuceTest.java:156)
</error>
  </testcase>
  <testcase name="testeventTypeStateBuilded" classname="worker.DatabaseAccess.LettuceTest" time="0.052">
    <error message="Can&apos;t start redis server. Check logs for details." type="java.lang.RuntimeException">java.lang.RuntimeException: Can't start redis server. Check logs for details.
	at redis.embedded.AbstractRedisInstance.awaitRedisServerReady(AbstractRedisInstance.java:61)
	at redis.embedded.AbstractRedisInstance.start(AbstractRedisInstance.java:39)
	at redis.embedded.RedisServer.start(RedisServer.java:9)
	at worker.DatabaseAccess.LettuceTest.testeventTypeStateBuilded(LettuceTest.java:178)
</error>
  </testcase>
  <testcase name="testeventTypeStateBuildedAdd" classname="worker.DatabaseAccess.LettuceTest" time="0.048">
    <error message="Can&apos;t start redis server. Check logs for details." type="java.lang.RuntimeException">java.lang.RuntimeException: Can't start redis server. Check logs for details.
	at redis.embedded.AbstractRedisInstance.awaitRedisServerReady(AbstractRedisInstance.java:61)
	at redis.embedded.AbstractRedisInstance.start(AbstractRedisInstance.java:39)
	at redis.embedded.RedisServer.start(RedisServer.java:9)
	at worker.DatabaseAccess.LettuceTest.testeventTypeStateBuildedAdd(LettuceTest.java:200)
</error>
  </testcase>
  <testcase name="testeventTypeStateBuildedDel" classname="worker.DatabaseAccess.LettuceTest" time="0.042">
    <error message="Can&apos;t start redis server. Check logs for details." type="java.lang.RuntimeException">java.lang.RuntimeException: Can't start redis server. Check logs for details.
	at redis.embedded.AbstractRedisInstance.awaitRedisServerReady(AbstractRedisInstance.java:61)
	at redis.embedded.AbstractRedisInstance.start(AbstractRedisInstance.java:39)
	at redis.embedded.RedisServer.start(RedisServer.java:9)
	at worker.DatabaseAccess.LettuceTest.testeventTypeStateBuildedDel(LettuceTest.java:220)
</error>
  </testcase>
  <testcase name="testeventTypeAssigned" classname="worker.DatabaseAccess.LettuceTest" time="0.033">
    <error message="Can&apos;t start redis server. Check logs for details." type="java.lang.RuntimeException">java.lang.RuntimeException: Can't start redis server. Check logs for details.
	at redis.embedded.AbstractRedisInstance.awaitRedisServerReady(AbstractRedisInstance.java:61)
	at redis.embedded.AbstractRedisInstance.start(AbstractRedisInstance.java:39)
	at redis.embedded.RedisServer.start(RedisServer.java:9)
	at worker.DatabaseAccess.LettuceTest.testeventTypeAssigned(LettuceTest.java:241)
</error>
  </testcase>
  <testcase name="testgetUnnasignedEventTypes" classname="worker.DatabaseAccess.LettuceTest" time="0.041">
    <error message="Can&apos;t start redis server. Check logs for details." type="java.lang.RuntimeException">java.lang.RuntimeException: Can't start redis server. Check logs for details.
	at redis.embedded.AbstractRedisInstance.awaitRedisServerReady(AbstractRedisInstance.java:61)
	at redis.embedded.AbstractRedisInstance.start(AbstractRedisInstance.java:39)
	at redis.embedded.RedisServer.start(RedisServer.java:9)
	at worker.DatabaseAccess.LettuceTest.testgetUnnasignedEventTypes(LettuceTest.java:269)
</error>
  </testcase>
  <testcase name="testgetUnnasignedEventType" classname="worker.DatabaseAccess.LettuceTest" time="0.034">
    <error message="Can&apos;t start redis server. Check logs for details." type="java.lang.RuntimeException">java.lang.RuntimeException: Can't start redis server. Check logs for details.
	at redis.embedded.AbstractRedisInstance.awaitRedisServerReady(AbstractRedisInstance.java:61)
	at redis.embedded.AbstractRedisInstance.start(AbstractRedisInstance.java:39)
	at redis.embedded.RedisServer.start(RedisServer.java:9)
	at worker.DatabaseAccess.LettuceTest.testgetUnnasignedEventType(LettuceTest.java:294)
</error>
  </testcase>
  <testcase name="testhasEventTypeBeenPickedUpForRellocation" classname="worker.DatabaseAccess.LettuceTest" time="0.03">
    <error message="Can&apos;t start redis server. Check logs for details." type="java.lang.RuntimeException">java.lang.RuntimeException: Can't start redis server. Check logs for details.
	at redis.embedded.AbstractRedisInstance.awaitRedisServerReady(AbstractRedisInstance.java:61)
	at redis.embedded.AbstractRedisInstance.start(AbstractRedisInstance.java:39)
	at redis.embedded.RedisServer.start(RedisServer.java:9)
	at worker.DatabaseAccess.LettuceTest.testhasEventTypeBeenPickedUpForRellocation(LettuceTest.java:316)
</error>
  </testcase>
  <testcase name="testpushEventTypeForRellocation" classname="worker.DatabaseAccess.LettuceTest" time="0.029">
    <error message="Can&apos;t start redis server. Check logs for details." type="java.lang.RuntimeException">java.lang.RuntimeException: Can't start redis server. Check logs for details.
	at redis.embedded.AbstractRedisInstance.awaitRedisServerReady(AbstractRedisInstance.java:61)
	at redis.embedded.AbstractRedisInstance.start(AbstractRedisInstance.java:39)
	at redis.embedded.RedisServer.start(RedisServer.java:9)
	at worker.DatabaseAccess.LettuceTest.testpushEventTypeForRellocation(LettuceTest.java:338)
</error>
  </testcase>
  <testcase name="testgetEventTypeReceivingWorker" classname="worker.DatabaseAccess.LettuceTest" time="0.029">
    <error message="Can&apos;t start redis server. Check logs for details." type="java.lang.RuntimeException">java.lang.RuntimeException: Can't start redis server. Check logs for details.
	at redis.embedded.AbstractRedisInstance.awaitRedisServerReady(AbstractRedisInstance.java:61)
	at redis.embedded.AbstractRedisInstance.start(AbstractRedisInstance.java:39)
	at redis.embedded.RedisServer.start(RedisServer.java:9)
	at worker.DatabaseAccess.LettuceTest.testgetEventTypeReceivingWorker(LettuceTest.java:357)
</error>
  </testcase>
  <testcase name="testsetEventTypeReceveingWorker" classname="worker.DatabaseAccess.LettuceTest" time="0.031">
    <error message="Can&apos;t start redis server. Check logs for details." type="java.lang.RuntimeException">java.lang.RuntimeException: Can't start redis server. Check logs for details.
	at redis.embedded.AbstractRedisInstance.awaitRedisServerReady(AbstractRedisInstance.java:61)
	at redis.embedded.AbstractRedisInstance.start(AbstractRedisInstance.java:39)
	at redis.embedded.RedisServer.start(RedisServer.java:9)
	at worker.DatabaseAccess.LettuceTest.testsetEventTypeReceveingWorker(LettuceTest.java:378)
</error>
  </testcase>
  <testcase name="testremoveEventTypeReceveingWorker" classname="worker.DatabaseAccess.LettuceTest" time="0.029">
    <error message="Can&apos;t start redis server. Check logs for details." type="java.lang.RuntimeException">java.lang.RuntimeException: Can't start redis server. Check logs for details.
	at redis.embedded.AbstractRedisInstance.awaitRedisServerReady(AbstractRedisInstance.java:61)
	at redis.embedded.AbstractRedisInstance.start(AbstractRedisInstance.java:39)
	at redis.embedded.RedisServer.start(RedisServer.java:9)
	at worker.DatabaseAccess.LettuceTest.testremoveEventTypeReceveingWorker(LettuceTest.java:397)
</error>
  </testcase>
  <testcase name="testGetEventTypeName" classname="worker.DatabaseAccess.LettuceTest" time="0.04">
    <error message="Can&apos;t start redis server. Check logs for details." type="java.lang.RuntimeException">java.lang.RuntimeException: Can't start redis server. Check logs for details.
	at redis.embedded.AbstractRedisInstance.awaitRedisServerReady(AbstractRedisInstance.java:61)
	at redis.embedded.AbstractRedisInstance.start(AbstractRedisInstance.java:39)
	at redis.embedded.RedisServer.start(RedisServer.java:9)
	at worker.DatabaseAccess.LettuceTest.testGetEventTypeName(LettuceTest.java:18)
</error>
  </testcase>
  <testcase name="testGetEventTypeDefinition" classname="worker.DatabaseAccess.LettuceTest" time="0.042">
    <error message="Can&apos;t start redis server. Check logs for details." type="java.lang.RuntimeException">java.lang.RuntimeException: Can't start redis server. Check logs for details.
	at redis.embedded.AbstractRedisInstance.awaitRedisServerReady(AbstractRedisInstance.java:61)
	at redis.embedded.AbstractRedisInstance.start(AbstractRedisInstance.java:39)
	at redis.embedded.RedisServer.start(RedisServer.java:9)
	at worker.DatabaseAccess.LettuceTest.testGetEventTypeDefinition(LettuceTest.java:40)
</error>
  </testcase>
  <testcase name="testGetAvroSchema" classname="worker.DatabaseAccess.LettuceTest" time="0.04">
    <error message="Can&apos;t start redis server. Check logs for details." type="java.lang.RuntimeException">java.lang.RuntimeException: Can't start redis server. Check logs for details.
	at redis.embedded.AbstractRedisInstance.awaitRedisServerReady(AbstractRedisInstance.java:61)
	at redis.embedded.AbstractRedisInstance.start(AbstractRedisInstance.java:39)
	at redis.embedded.RedisServer.start(RedisServer.java:9)
	at worker.DatabaseAccess.LettuceTest.testGetAvroSchema(LettuceTest.java:61)
</error>
  </testcase>
  <testcase name="testSetAvroSchema" classname="worker.DatabaseAccess.LettuceTest" time="0.031">
    <error message="Can&apos;t start redis server. Check logs for details." type="java.lang.RuntimeException">java.lang.RuntimeException: Can't start redis server. Check logs for details.
	at redis.embedded.AbstractRedisInstance.awaitRedisServerReady(AbstractRedisInstance.java:61)
	at redis.embedded.AbstractRedisInstance.start(AbstractRedisInstance.java:39)
	at redis.embedded.RedisServer.start(RedisServer.java:9)
	at worker.DatabaseAccess.LettuceTest.testSetAvroSchema(LettuceTest.java:82)
</error>
  </testcase>
  <testcase name="testGetEventTypeCurrentWorker" classname="worker.DatabaseAccess.LettuceTest" time="0.032">
    <error message="Can&apos;t start redis server. Check logs for details." type="java.lang.RuntimeException">java.lang.RuntimeException: Can't start redis server. Check logs for details.
	at redis.embedded.AbstractRedisInstance.awaitRedisServerReady(AbstractRedisInstance.java:61)
	at redis.embedded.AbstractRedisInstance.start(AbstractRedisInstance.java:39)
	at redis.embedded.RedisServer.start(RedisServer.java:9)
	at worker.DatabaseAccess.LettuceTest.testGetEventTypeCurrentWorker(LettuceTest.java:97)
</error>
  </testcase>
  <testcase name="testSetEventTypeCurrentWorker" classname="worker.DatabaseAccess.LettuceTest" time="0.038">
    <error message="Can&apos;t start redis server. Check logs for details." type="java.lang.RuntimeException">java.lang.RuntimeException: Can't start redis server. Check logs for details.
	at redis.embedded.AbstractRedisInstance.awaitRedisServerReady(AbstractRedisInstance.java:61)
	at redis.embedded.AbstractRedisInstance.start(AbstractRedisInstance.java:39)
	at redis.embedded.RedisServer.start(RedisServer.java:9)
	at worker.DatabaseAccess.LettuceTest.testSetEventTypeCurrentWorker(LettuceTest.java:118)
</error>
  </testcase>
</testsuite>